{"M:\\Coding\\Node.js\\Node.js_Topics\\Testing\\Integration_Test\\Task.js": {"path":"M:\\Coding\\Node.js\\Node.js_Topics\\Testing\\Integration_Test\\Task.js","statementMap":{"0":{"start":{"line":1,"column":17},"end":{"line":1,"column":36}},"1":{"start":{"line":3,"column":0},"end":{"line":8,"column":4}}},"fnMap":{},"branchMap":{},"s":{"0":1,"1":1},"f":{},"b":{},"_coverageSchema":"1a1c01bbd47fc00a2c39e90264f33305004495a9","hash":"f1df44cf91014689d714fbdcd90f4729e12f8703"}
,"M:\\Coding\\Node.js\\Node.js_Topics\\Testing\\Integration_Test\\User.js": {"path":"M:\\Coding\\Node.js\\Node.js_Topics\\Testing\\Integration_Test\\User.js","statementMap":{"0":{"start":{"line":1,"column":17},"end":{"line":1,"column":36}},"1":{"start":{"line":2,"column":12},"end":{"line":2,"column":35}},"2":{"start":{"line":4,"column":19},"end":{"line":9,"column":2}},"3":{"start":{"line":11,"column":0},"end":{"line":13,"column":2}},"4":{"start":{"line":12,"column":4},"end":{"line":12,"column":54}},"5":{"start":{"line":15,"column":0},"end":{"line":15,"column":52}}},"fnMap":{"0":{"name":"(anonymous_0)","decl":{"start":{"line":11,"column":39},"end":{"line":11,"column":40}},"loc":{"start":{"line":11,"column":51},"end":{"line":13,"column":1}},"line":11}},"branchMap":{},"s":{"0":2,"1":2,"2":2,"3":2,"4":5,"5":2},"f":{"0":5},"b":{},"_coverageSchema":"1a1c01bbd47fc00a2c39e90264f33305004495a9","hash":"8290c09d49e7abf6ee8ad15f7f59383f3d823bfa"}
,"M:\\Coding\\Node.js\\Node.js_Topics\\Testing\\Integration_Test\\auth.js": {"path":"M:\\Coding\\Node.js\\Node.js_Topics\\Testing\\Integration_Test\\auth.js","statementMap":{"0":{"start":{"line":1,"column":13},"end":{"line":1,"column":30}},"1":{"start":{"line":2,"column":12},"end":{"line":2,"column":35}},"2":{"start":{"line":4,"column":0},"end":{"line":16,"column":2}},"3":{"start":{"line":5,"column":18},"end":{"line":5,"column":44}},"4":{"start":{"line":6,"column":4},"end":{"line":6,"column":81}},"5":{"start":{"line":6,"column":16},"end":{"line":6,"column":81}},"6":{"start":{"line":8,"column":4},"end":{"line":15,"column":5}},"7":{"start":{"line":9,"column":24},"end":{"line":9,"column":57}},"8":{"start":{"line":10,"column":8},"end":{"line":10,"column":28}},"9":{"start":{"line":11,"column":8},"end":{"line":11,"column":27}},"10":{"start":{"line":12,"column":8},"end":{"line":12,"column":15}},"11":{"start":{"line":14,"column":8},"end":{"line":14,"column":47}}},"fnMap":{"0":{"name":"(anonymous_0)","decl":{"start":{"line":4,"column":17},"end":{"line":4,"column":18}},"loc":{"start":{"line":4,"column":49},"end":{"line":16,"column":1}},"line":4}},"branchMap":{"0":{"loc":{"start":{"line":6,"column":4},"end":{"line":6,"column":81}},"type":"if","locations":[{"start":{"line":6,"column":4},"end":{"line":6,"column":81}},{"start":{},"end":{}}],"line":6}},"s":{"0":2,"1":2,"2":2,"3":7,"4":7,"5":1,"6":6,"7":6,"8":5,"9":5,"10":5,"11":1},"f":{"0":7},"b":{"0":[1,6]},"_coverageSchema":"1a1c01bbd47fc00a2c39e90264f33305004495a9","hash":"bd1ebd0c43f933b00986df8bc4ca6dd7739bcf40"}
,"M:\\Coding\\Node.js\\Node.js_Topics\\Testing\\Integration_Test\\tasks.js": {"path":"M:\\Coding\\Node.js\\Node.js_Topics\\Testing\\Integration_Test\\tasks.js","statementMap":{"0":{"start":{"line":1,"column":16},"end":{"line":1,"column":34}},"1":{"start":{"line":2,"column":17},"end":{"line":2,"column":36}},"2":{"start":{"line":3,"column":12},"end":{"line":3,"column":21}},"3":{"start":{"line":4,"column":13},"end":{"line":4,"column":30}},"4":{"start":{"line":5,"column":13},"end":{"line":5,"column":30}},"5":{"start":{"line":7,"column":0},"end":{"line":9,"column":42}},"6":{"start":{"line":8,"column":16},"end":{"line":8,"column":54}},"7":{"start":{"line":9,"column":18},"end":{"line":9,"column":40}},"8":{"start":{"line":11,"column":0},"end":{"line":11,"column":24}},"9":{"start":{"line":13,"column":0},"end":{"line":23,"column":3}},"10":{"start":{"line":14,"column":4},"end":{"line":22,"column":5}},"11":{"start":{"line":15,"column":22},"end":{"line":15,"column":41}},"12":{"start":{"line":17,"column":8},"end":{"line":17,"column":79}},"13":{"start":{"line":17,"column":27},"end":{"line":17,"column":79}},"14":{"start":{"line":19,"column":8},"end":{"line":19,"column":24}},"15":{"start":{"line":21,"column":8},"end":{"line":21,"column":40}},"16":{"start":{"line":25,"column":0},"end":{"line":38,"column":3}},"17":{"start":{"line":26,"column":4},"end":{"line":37,"column":5}},"18":{"start":{"line":27,"column":8},"end":{"line":28,"column":55}},"19":{"start":{"line":28,"column":12},"end":{"line":28,"column":55}},"20":{"start":{"line":30,"column":21},"end":{"line":30,"column":55}},"21":{"start":{"line":32,"column":8},"end":{"line":32,"column":80}},"22":{"start":{"line":32,"column":19},"end":{"line":32,"column":80}},"23":{"start":{"line":34,"column":8},"end":{"line":34,"column":23}},"24":{"start":{"line":36,"column":8},"end":{"line":36,"column":40}},"25":{"start":{"line":40,"column":0},"end":{"line":49,"column":3}},"26":{"start":{"line":41,"column":20},"end":{"line":41,"column":38}},"27":{"start":{"line":43,"column":4},"end":{"line":48,"column":5}},"28":{"start":{"line":44,"column":23},"end":{"line":44,"column":43}},"29":{"start":{"line":45,"column":8},"end":{"line":45,"column":37}},"30":{"start":{"line":47,"column":8},"end":{"line":47,"column":32}},"31":{"start":{"line":51,"column":15},"end":{"line":51,"column":76}},"32":{"start":{"line":51,"column":38},"end":{"line":51,"column":75}},"33":{"start":{"line":53,"column":0},"end":{"line":53,"column":24}}},"fnMap":{"0":{"name":"(anonymous_0)","decl":{"start":{"line":8,"column":10},"end":{"line":8,"column":11}},"loc":{"start":{"line":8,"column":16},"end":{"line":8,"column":54}},"line":8},"1":{"name":"(anonymous_1)","decl":{"start":{"line":9,"column":11},"end":{"line":9,"column":12}},"loc":{"start":{"line":9,"column":18},"end":{"line":9,"column":40}},"line":9},"2":{"name":"(anonymous_2)","decl":{"start":{"line":13,"column":22},"end":{"line":13,"column":23}},"loc":{"start":{"line":13,"column":42},"end":{"line":23,"column":1}},"line":13},"3":{"name":"(anonymous_3)","decl":{"start":{"line":25,"column":26},"end":{"line":25,"column":27}},"loc":{"start":{"line":25,"column":46},"end":{"line":38,"column":1}},"line":25},"4":{"name":"(anonymous_4)","decl":{"start":{"line":40,"column":29},"end":{"line":40,"column":30}},"loc":{"start":{"line":40,"column":49},"end":{"line":49,"column":1}},"line":40},"5":{"name":"(anonymous_5)","decl":{"start":{"line":51,"column":32},"end":{"line":51,"column":33}},"loc":{"start":{"line":51,"column":38},"end":{"line":51,"column":75}},"line":51}},"branchMap":{"0":{"loc":{"start":{"line":17,"column":8},"end":{"line":17,"column":79}},"type":"if","locations":[{"start":{"line":17,"column":8},"end":{"line":17,"column":79}},{"start":{},"end":{}}],"line":17},"1":{"loc":{"start":{"line":27,"column":8},"end":{"line":28,"column":55}},"type":"if","locations":[{"start":{"line":27,"column":8},"end":{"line":28,"column":55}},{"start":{},"end":{}}],"line":27},"2":{"loc":{"start":{"line":32,"column":8},"end":{"line":32,"column":80}},"type":"if","locations":[{"start":{"line":32,"column":8},"end":{"line":32,"column":80}},{"start":{},"end":{}}],"line":32}},"s":{"0":1,"1":1,"2":1,"3":1,"4":1,"5":1,"6":1,"7":0,"8":1,"9":1,"10":1,"11":1,"12":1,"13":0,"14":1,"15":0,"16":1,"17":2,"18":2,"19":1,"20":1,"21":1,"22":0,"23":1,"24":0,"25":1,"26":4,"27":4,"28":4,"29":3,"30":1,"31":1,"32":1,"33":1},"f":{"0":1,"1":0,"2":1,"3":2,"4":4,"5":1},"b":{"0":[0,1],"1":[1,1],"2":[0,1]},"_coverageSchema":"1a1c01bbd47fc00a2c39e90264f33305004495a9","hash":"6160fd4bc2909e1baa768d01d1c2b5d19ad67f5a"}
,"M:\\Coding\\Node.js\\Node.js_Topics\\Testing\\Unit_Test\\db.js": {"path":"M:\\Coding\\Node.js\\Node.js_Topics\\Testing\\Unit_Test\\db.js","statementMap":{"0":{"start":{"line":2,"column":0},"end":{"line":4,"column":1}}},"fnMap":{"0":{"name":"(anonymous_0)","decl":{"start":{"line":2,"column":29},"end":{"line":2,"column":30}},"loc":{"start":{"line":2,"column":49},"end":{"line":4,"column":1}},"line":2}},"branchMap":{},"s":{"0":1},"f":{"0":0},"b":{},"_coverageSchema":"1a1c01bbd47fc00a2c39e90264f33305004495a9","hash":"4402b1c7c20bf6b982fb76af25750d99e1cf0bf5"}
,"M:\\Coding\\Node.js\\Node.js_Topics\\Testing\\Unit_Test\\lib.js": {"path":"M:\\Coding\\Node.js\\Node.js_Topics\\Testing\\Unit_Test\\lib.js","statementMap":{"0":{"start":{"line":1,"column":11},"end":{"line":1,"column":26}},"1":{"start":{"line":2,"column":13},"end":{"line":2,"column":30}},"2":{"start":{"line":5,"column":4},"end":{"line":5,"column":42}},"3":{"start":{"line":9,"column":4},"end":{"line":9,"column":28}},"4":{"start":{"line":13,"column":4},"end":{"line":13,"column":33}},"5":{"start":{"line":17,"column":4},"end":{"line":17,"column":47}},"6":{"start":{"line":21,"column":4},"end":{"line":21,"column":60}},"7":{"start":{"line":21,"column":19},"end":{"line":21,"column":60}},"8":{"start":{"line":23,"column":4},"end":{"line":23,"column":50}},"9":{"start":{"line":27,"column":17},"end":{"line":27,"column":45}},"10":{"start":{"line":29,"column":4},"end":{"line":30,"column":50}},"11":{"start":{"line":30,"column":8},"end":{"line":30,"column":50}},"12":{"start":{"line":34,"column":17},"end":{"line":34,"column":45}},"13":{"start":{"line":36,"column":4},"end":{"line":36,"column":64}},"14":{"start":{"line":39,"column":0},"end":{"line":47,"column":2}}},"fnMap":{"0":{"name":"absolute","decl":{"start":{"line":4,"column":9},"end":{"line":4,"column":17}},"loc":{"start":{"line":4,"column":26},"end":{"line":6,"column":1}},"line":4},"1":{"name":"welcome","decl":{"start":{"line":8,"column":9},"end":{"line":8,"column":16}},"loc":{"start":{"line":8,"column":23},"end":{"line":10,"column":1}},"line":8},"2":{"name":"getCurrencies","decl":{"start":{"line":12,"column":9},"end":{"line":12,"column":22}},"loc":{"start":{"line":12,"column":25},"end":{"line":14,"column":1}},"line":12},"3":{"name":"getProduct","decl":{"start":{"line":16,"column":9},"end":{"line":16,"column":19}},"loc":{"start":{"line":16,"column":22},"end":{"line":18,"column":1}},"line":16},"4":{"name":"registerUser","decl":{"start":{"line":20,"column":9},"end":{"line":20,"column":21}},"loc":{"start":{"line":20,"column":32},"end":{"line":24,"column":1}},"line":20},"5":{"name":"applyDiscount","decl":{"start":{"line":26,"column":9},"end":{"line":26,"column":22}},"loc":{"start":{"line":26,"column":30},"end":{"line":31,"column":1}},"line":26},"6":{"name":"notifyUser","decl":{"start":{"line":33,"column":9},"end":{"line":33,"column":19}},"loc":{"start":{"line":33,"column":27},"end":{"line":37,"column":1}},"line":33}},"branchMap":{"0":{"loc":{"start":{"line":5,"column":11},"end":{"line":5,"column":41}},"type":"cond-expr","locations":[{"start":{"line":5,"column":25},"end":{"line":5,"column":31}},{"start":{"line":5,"column":34},"end":{"line":5,"column":41}}],"line":5},"1":{"loc":{"start":{"line":21,"column":4},"end":{"line":21,"column":60}},"type":"if","locations":[{"start":{"line":21,"column":4},"end":{"line":21,"column":60}},{"start":{},"end":{}}],"line":21},"2":{"loc":{"start":{"line":29,"column":4},"end":{"line":30,"column":50}},"type":"if","locations":[{"start":{"line":29,"column":4},"end":{"line":30,"column":50}},{"start":{},"end":{}}],"line":29}},"s":{"0":1,"1":1,"2":3,"3":1,"4":1,"5":1,"6":6,"7":6,"8":0,"9":1,"10":1,"11":1,"12":1,"13":1,"14":1},"f":{"0":3,"1":1,"2":1,"3":1,"4":6,"5":1,"6":1},"b":{"0":[2,1],"1":[6,0],"2":[1,0]},"_coverageSchema":"1a1c01bbd47fc00a2c39e90264f33305004495a9","hash":"23e65ca4b55d2f78c2f4e731658ff7d9619a5f7e"}
,"M:\\Coding\\Node.js\\Node.js_Topics\\Testing\\Unit_Test\\mail.js": {"path":"M:\\Coding\\Node.js\\Node.js_Topics\\Testing\\Unit_Test\\mail.js","statementMap":{"0":{"start":{"line":2,"column":0},"end":{"line":4,"column":1}}},"fnMap":{"0":{"name":"(anonymous_0)","decl":{"start":{"line":2,"column":22},"end":{"line":2,"column":23}},"loc":{"start":{"line":2,"column":48},"end":{"line":4,"column":1}},"line":2}},"branchMap":{},"s":{"0":1},"f":{"0":0},"b":{},"_coverageSchema":"1a1c01bbd47fc00a2c39e90264f33305004495a9","hash":"ad2575780a41ab8c8cf91cb262a69dcb08ec81b2"}
}
