TN:
SF:Integration_Test\Task.js
FNF:0
FNH:0
DA:1,1
DA:3,1
LF:2
LH:2
BRF:0
BRH:0
end_of_record
TN:
SF:Integration_Test\User.js
FN:11,(anonymous_0)
FNF:1
FNH:1
FNDA:5,(anonymous_0)
DA:1,2
DA:2,2
DA:4,2
DA:11,2
DA:12,5
DA:15,2
LF:6
LH:6
BRF:0
BRH:0
end_of_record
TN:
SF:Integration_Test\auth.js
FN:4,(anonymous_0)
FNF:1
FNH:1
FNDA:7,(anonymous_0)
DA:1,2
DA:2,2
DA:4,2
DA:5,7
DA:6,7
DA:8,6
DA:9,6
DA:10,5
DA:11,5
DA:12,5
DA:14,1
LF:11
LH:11
BRDA:6,0,0,1
BRDA:6,0,1,6
BRF:2
BRH:2
end_of_record
TN:
SF:Integration_Test\tasks.js
FN:8,(anonymous_0)
FN:9,(anonymous_1)
FN:13,(anonymous_2)
FN:25,(anonymous_3)
FN:40,(anonymous_4)
FN:51,(anonymous_5)
FNF:6
FNH:5
FNDA:1,(anonymous_0)
FNDA:0,(anonymous_1)
FNDA:1,(anonymous_2)
FNDA:2,(anonymous_3)
FNDA:4,(anonymous_4)
FNDA:1,(anonymous_5)
DA:1,1
DA:2,1
DA:3,1
DA:4,1
DA:5,1
DA:7,1
DA:8,1
DA:9,0
DA:11,1
DA:13,1
DA:14,1
DA:15,1
DA:17,1
DA:19,1
DA:21,0
DA:25,1
DA:26,2
DA:27,2
DA:28,1
DA:30,1
DA:32,1
DA:34,1
DA:36,0
DA:40,1
DA:41,4
DA:43,4
DA:44,4
DA:45,3
DA:47,1
DA:51,1
DA:53,1
LF:31
LH:28
BRDA:17,0,0,0
BRDA:17,0,1,1
BRDA:27,1,0,1
BRDA:27,1,1,1
BRDA:32,2,0,0
BRDA:32,2,1,1
BRF:6
BRH:4
end_of_record
TN:
SF:Unit_Test\db.js
FN:2,(anonymous_0)
FNF:1
FNH:0
FNDA:0,(anonymous_0)
DA:2,1
LF:1
LH:1
BRF:0
BRH:0
end_of_record
TN:
SF:Unit_Test\lib.js
FN:4,absolute
FN:8,welcome
FN:12,getCurrencies
FN:16,getProduct
FN:20,registerUser
FN:26,applyDiscount
FN:33,notifyUser
FNF:7
FNH:7
FNDA:3,absolute
FNDA:1,welcome
FNDA:1,getCurrencies
FNDA:1,getProduct
FNDA:6,registerUser
FNDA:1,applyDiscount
FNDA:1,notifyUser
DA:1,1
DA:2,1
DA:5,3
DA:9,1
DA:13,1
DA:17,1
DA:21,6
DA:23,0
DA:27,1
DA:29,1
DA:30,1
DA:34,1
DA:36,1
DA:39,1
LF:14
LH:13
BRDA:5,0,0,2
BRDA:5,0,1,1
BRDA:21,1,0,6
BRDA:21,1,1,0
BRDA:29,2,0,1
BRDA:29,2,1,0
BRF:6
BRH:4
end_of_record
TN:
SF:Unit_Test\mail.js
FN:2,(anonymous_0)
FNF:1
FNH:0
FNDA:0,(anonymous_0)
DA:2,1
LF:1
LH:1
BRF:0
BRH:0
end_of_record
